0 info it worked if it ends with ok
1 verbose cli [ '/Users/felipeassuncao/.nvm/versions/node/v6.5.0/bin/node',
1 verbose cli   '/Users/felipeassuncao/.nvm/versions/node/v6.5.0/bin/npm',
1 verbose cli   'run',
1 verbose cli   'caravel' ]
2 info using npm@3.10.6
3 info using node@v6.5.0
4 verbose stack Error: missing script: caravel
4 verbose stack     at run (/Users/felipeassuncao/.nvm/versions/node/v6.5.0/lib/node_modules/npm/lib/run-script.js:151:19)
4 verbose stack     at /Users/felipeassuncao/.nvm/versions/node/v6.5.0/lib/node_modules/npm/lib/run-script.js:61:5
4 verbose stack     at /Users/felipeassuncao/.nvm/versions/node/v6.5.0/lib/node_modules/npm/node_modules/read-package-json/read-json.js:356:5
4 verbose stack     at handleExists (/Users/felipeassuncao/.nvm/versions/node/v6.5.0/lib/node_modules/npm/node_modules/read-package-json/read-json.js:329:20)
4 verbose stack     at FSReqWrap.cb [as oncomplete] (fs.js:257:19)
5 verbose cwd /Users/felipeassuncao/Development/Projects/caravel
6 error Darwin 15.6.0
7 error argv "/Users/felipeassuncao/.nvm/versions/node/v6.5.0/bin/node" "/Users/felipeassuncao/.nvm/versions/node/v6.5.0/bin/npm" "run" "caravel"
8 error node v6.5.0
9 error npm  v3.10.6
10 error missing script: caravel
11 error If you need help, you may report this error at:
11 error     <https://github.com/npm/npm/issues>
12 verbose exit [ 1, true ]
